
> permitasapp@0.1.0 build
> next build

   Γû▓ Next.js 15.5.9
   - Environments: .env.local

   Creating an optimized production build ...
 Γ£ô Compiled successfully in 9.3s
   Linting and checking validity of types ...
   Collecting page data ...
[Keystatic Config] Env: production, Repo: DineshBalaS/Permitas_Site
[Keystatic Config] Storage Strategy: local
[Keystatic Config] Env: production, Repo: DineshBalaS/Permitas_Site
[Keystatic Config] Storage Strategy: local
[Keystatic API] Initializing route handler...
[Keystatic Config] Env: production, Repo: DineshBalaS/Permitas_Site
[Keystatic Config] Storage Strategy: local
[Keystatic Config] Env: production, Repo: DineshBalaS/Permitas_Site
[Keystatic Config] Storage Strategy: local
[Keystatic Config] Env: production, Repo: DineshBalaS/Permitas_Site
[Keystatic Config] Env: production, Repo: DineshBalaS/Permitas_Site
[Keystatic Config] Storage Strategy: local
[Keystatic Config] Storage Strategy: local
[Keystatic Config] Env: production, Repo: DineshBalaS/Permitas_Site
[Keystatic Config] Storage Strategy: local
node.exe : [generateStaticParams] 
Error fetching projects: Error: 
Failed to fetch tree: 404 
{"message":"Not Found","documentati
on_url":"https://docs.github.com/re
st/git/trees#get-a-tree","status":"
404"}
At line:1 char:1
+ & "C:\Program 
Files\nodejs/node.exe" "C:\Program 
Files\nodejs/node_mo ...
+ ~~~~~~~~~~~~~~~~~~~~~~~~~~~~~~~~~
~~~~~~~~~~~~~~~~~~~~~~~~~~~~~~~~~~~
~
    + CategoryInfo          : NotS 
   pecified: ([generateStatic..."  
  status":"404"}:String) [], Rem   
 oteException
    + FullyQualifiedErrorId : Nati 
   veCommandError
 
    at <unknown> (C:\Users\Dinesh\D
ocuments\mp\Permitas\permitasapp\.n
ext\server\chunks\400.js:9:7443)
    at async Object.readdir (C:\Use
rs\Dinesh\Documents\mp\Permitas\per
mitasapp\.next\server\chunks\400.js
:9:7722)
    at async (C:\Users\Dinesh\Docum
ents\mp\Permitas\permitasapp\.next\
server\chunks\400.js:9:59926)
    at async Object.all (C:\Users\D
inesh\Documents\mp\Permitas\permita
sapp\.next\server\chunks\400.js:9:6
0739)
    at async Object.l [as 
generateStaticParams] (C:\Users\Din
esh\Documents\mp\Permitas\permitasa
pp\.next\server\app\(site)\projects
\[slug]\page.js:2:8971)
   Generating static pages (0/10) ...
[Keystatic Config] Env: production, Repo: DineshBalaS/Permitas_Site
[Keystatic Config] Storage Strategy: local
   Generating static pages (2/10) 
   Generating static pages (4/10) 
   Generating static pages (7/10) 
 Γ£ô Generating static pages (10/10)
   Finalizing page optimization ...
   Collecting build traces ...

Route (app)                                 Size  First Load JS
Γöî ╞Æ /                                    6.03 kB         159 kB
Γö£ Γùï /_not-found                            996 B         103 kB
Γö£ ╞Æ /about                               3.73 kB         153 kB
Γö£ ╞Æ /api/keystatic/[[...params]]           132 B         102 kB
Γö£ ╞Æ /contact                             4.69 kB         146 kB
Γö£ ╞Æ /keystatic/[[...params]]               132 B         102 kB
Γö£ ΓùÅ /legal/[slug]                          132 B         102 kB
Γö£   Γö£ /legal/privacy
Γö£   Γöö /legal/terms
Γö£ ╞Æ /projects                            1.89 kB         154 kB
Γöö ΓùÅ /projects/[slug]                     1.43 kB         154 kB
+ First Load JS shared by all             102 kB
  Γö£ chunks/255-47b43b3ca8b74029.js       45.6 kB
  Γö£ chunks/4bd1b696-409494caf8c83275.js  54.2 kB
  Γöö other shared chunks (total)          2.01 kB


Γùï  (Static)   prerendered as static content
ΓùÅ  (SSG)      prerendered as static HTML (uses generateStaticParams)
╞Æ  (Dynamic)  server-rendered on demand

